<?xml version="1.0" encoding="UTF-8"?>
<!-- Generated by org.testng.reporters.JUnitReportReporter -->
<testsuite hostname="Curtiss-MacBook-Pro.local" failures="0" tests="3" name="testngtutorial.NewTest" time="0.010" errors="0" timestamp="2021-12-20T20:47:20 CST" skipped="0">
  <testcase classname="testngtutorial.NewTest" name="testOne" time="0.008"/>
  <system-out/>
  <testcase classname="testngtutorial.NewTest" name="testTwo" time="0.001"/>
  <system-out/>
  <testcase classname="testngtutorial.NewTest" name="testThree" time="0.001"/>
  <system-out/>
</testsuite> <!-- testngtutorial.NewTest -->
