<?xml version="1.0" encoding="UTF-8"?>
<!-- Generated by org.testng.reporters.JUnitReportReporter -->
<testsuite hostname="Curtiss-MacBook-Pro.local" failures="0" tests="2" name="testngtutorial.TestNG_BeforeClassAnnotations" time="0.007" errors="0" timestamp="2021-12-22T19:40:17 CST" skipped="0">
  <testcase classname="testngtutorial.TestNG_BeforeClassAnnotations" name="testMethod2" time="0.001"/>
  <system-out/>
  <testcase classname="testngtutorial.TestNG_BeforeClassAnnotations" name="testMethod1" time="0.006"/>
  <system-out/>
</testsuite> <!-- testngtutorial.TestNG_BeforeClassAnnotations -->
