<?xml version="1.0" encoding="UTF-8"?>
<!-- Generated by org.testng.reporters.JUnitReportReporter -->
<testsuite hostname="Curtiss-MacBook-Pro.local" failures="0" tests="2" name="testngtutorial.TestNG_Parallel1" time="12.021" errors="0" timestamp="2022-01-01T11:08:12 CST" skipped="0">
  <testcase classname="testngtutorial.TestNG_Parallel1" name="testMethod1" time="6.015"/>
  <system-out/>
  <testcase classname="testngtutorial.TestNG_Parallel1" name="testMethod2" time="6.006"/>
  <system-out/>
</testsuite> <!-- testngtutorial.TestNG_Parallel1 -->
