<?xml version="1.0" encoding="UTF-8"?>
<!-- Generated by org.testng.reporters.JUnitReportReporter -->
<testsuite hostname="Curtiss-MacBook-Pro.local" failures="0" tests="3" name="testngtutorial.TestNG_Asserts" time="0.014" errors="0" timestamp="2021-12-20T21:04:15 CST" skipped="0">
  <testcase classname="testngtutorial.TestNG_Asserts" name="testSum" time="0.001"/>
  <system-out/>
  <testcase classname="testngtutorial.TestNG_Asserts" name="testArrays" time="0.011"/>
  <system-out/>
  <testcase classname="testngtutorial.TestNG_Asserts" name="testStrings" time="0.002"/>
  <system-out/>
</testsuite> <!-- testngtutorial.TestNG_Asserts -->
