<?xml version="1.0" encoding="UTF-8"?>
<!-- Generated by org.testng.reporters.JUnitReportReporter -->
<testsuite hostname="Curtiss-MacBook-Pro.local" failures="0" tests="1" name="testngtutorial.TestNG_TestAnnotation" time="0.007" errors="0" timestamp="2022-01-06T16:59:09 CST" skipped="0">
  <testcase classname="testngtutorial.TestNG_TestAnnotation" name="f" time="0.007"/>
  <system-out/>
</testsuite> <!-- testngtutorial.TestNG_TestAnnotation -->
