<?xml version="1.0" encoding="UTF-8"?>
<!-- Generated by org.testng.reporters.JUnitReportReporter -->
<testsuite hostname="Curtiss-MacBook-Pro.local" failures="0" tests="1" name="testngtutorial.TestNG_TestParamters" time="0.006" errors="0" timestamp="2022-01-01T11:02:11 CST" skipped="0">
  <testcase classname="testngtutorial.TestNG_TestParamters" name="testMethod1" time="0.006"/>
  <system-out/>
</testsuite> <!-- testngtutorial.TestNG_TestParamters -->
