<?xml version="1.0" encoding="UTF-8"?>
<!-- Generated by org.testng.reporters.JUnitReportReporter -->
<testsuite hostname="Curtiss-MacBook-Pro.local" failures="0" tests="2" name="testngtutorial.TestNG_TestClass2" time="0.017" errors="0" timestamp="2021-12-22T19:49:56 CST" skipped="0">
  <testcase classname="testngtutorial.TestNG_TestClass2" name="testMethod2" time="0.003"/>
  <system-out/>
  <testcase classname="testngtutorial.TestNG_TestClass2" name="testMethod1" time="0.014"/>
  <system-out/>
</testsuite> <!-- testngtutorial.TestNG_TestClass2 -->
